<?xml version="1.0" encoding="utf-8"?>
<log version="1.0" tool="runtool">

<msg id="1" tool="runtool">
  <type>log-start</type>
  <arg>2022/11/18 16:25:36</arg>
</msg>
<msg id="2" tool="runtool">
  <type>bandwidth-measurement-starts</type>
</msg>
<msg id="3" tool="runtool">
  <type>bandwidth-measurement-done</type>
</msg>
<msg id="4" tool="runtool">
  <type>collector-starts</type>
</msg>
<msg id="5" tool="runtool">
  <type>marker-file</type>
  <arg>/home/enrique/intel/advixe/projects/lab3Tarea1/e000/trc000/trc000.advixe</arg>
</msg>
<msg id="6" tool="trc">
  <type>PROCESS_START</type>
  <arg>/home/enrique/Desktop/lab3-bc-enriquealbalateprieto/src/ejecutable.exe</arg>
  <arg>7128</arg>
  <severity>INFO</severity>
  <timestamp>Fri Nov 18 16:25:46 2022</timestamp>
</msg>
<msg id="7" tool="trc">
  <type>PROCESS_ANALYSIS_MODE</type>
  <arg>full</arg>
  <severity>INFO</severity>
  <timestamp>Fri Nov 18 16:25:46 2022</timestamp>
</msg>
<msg id="8" tool="trc">
  <type>LOAD_MODULE</type>
  <arg>/home/enrique/Desktop/lab3-bc-enriquealbalateprieto/src/ejecutable.exe</arg>
  <arg>0x55ea9337c000</arg>
  <arg>0x55ea93380017</arg>
  <arg>yes</arg>
  <severity>INFO</severity>
  <timestamp>Fri Nov 18 16:25:46 2022</timestamp>
</msg>
<msg id="9" tool="trc">
  <type>LOAD_MODULE</type>
  <arg>/lib64/ld-linux-x86-64.so.2</arg>
  <arg>0x7fde91c0a000</arg>
  <arg>0x7fde91c3918f</arg>
  <arg>no</arg>
  <severity>INFO</severity>
  <timestamp>Fri Nov 18 16:25:46 2022</timestamp>
</msg>
<msg id="10" tool="trc">
  <type>LOAD_MODULE</type>
  <arg>[vdso]</arg>
  <arg>0x7fff3e999000</arg>
  <arg>0x7fff3e99a0eb</arg>
  <arg>no</arg>
  <severity>INFO</severity>
  <timestamp>Fri Nov 18 16:25:46 2022</timestamp>
</msg>
<msg id="11" tool="trc">
  <type>LOAD_MODULE</type>
  <arg>/lib/x86_64-linux-gnu/libstdc++.so.6</arg>
  <arg>0x7fde7b590000</arg>
  <arg>0x7fde7b7717ff</arg>
  <arg>no</arg>
  <severity>INFO</severity>
  <timestamp>Fri Nov 18 16:25:46 2022</timestamp>
</msg>
<msg id="12" tool="trc">
  <type>LOAD_MODULE</type>
  <arg>/lib/x86_64-linux-gnu/libm.so.6</arg>
  <arg>0x7fde7b37e000</arg>
  <arg>0x7fde7b4cc10f</arg>
  <arg>no</arg>
  <severity>INFO</severity>
  <timestamp>Fri Nov 18 16:25:46 2022</timestamp>
</msg>
<msg id="13" tool="trc">
  <type>LOAD_MODULE</type>
  <arg>/lib/x86_64-linux-gnu/libgomp.so.1</arg>
  <arg>0x7fde7b33c000</arg>
  <arg>0x7fde7b37d92f</arg>
  <arg>no</arg>
  <severity>INFO</severity>
  <timestamp>Fri Nov 18 16:25:46 2022</timestamp>
</msg>
<msg id="14" tool="trc">
  <type>LOAD_MODULE</type>
  <arg>/lib/x86_64-linux-gnu/libc.so.6</arg>
  <arg>0x7fde7b120000</arg>
  <arg>0x7fde7b3114d7</arg>
  <arg>no</arg>
  <severity>INFO</severity>
  <timestamp>Fri Nov 18 16:25:46 2022</timestamp>
</msg>
<msg id="15" tool="trc">
  <type>LOAD_MODULE</type>
  <arg>/lib/x86_64-linux-gnu/libgcc_s.so.1</arg>
  <arg>0x7fde7b101000</arg>
  <arg>0x7fde7b11b447</arg>
  <arg>no</arg>
  <severity>INFO</severity>
  <timestamp>Fri Nov 18 16:25:47 2022</timestamp>
</msg>
<msg id="16" tool="trc">
  <type>LOAD_MODULE</type>
  <arg>/lib/x86_64-linux-gnu/libdl.so.2</arg>
  <arg>0x7fde7b0ef000</arg>
  <arg>0x7fde7b0f410f</arg>
  <arg>no</arg>
  <severity>INFO</severity>
  <timestamp>Fri Nov 18 16:25:47 2022</timestamp>
</msg>
<msg id="17" tool="trc">
  <type>LOAD_MODULE</type>
  <arg>/lib/x86_64-linux-gnu/libpthread.so.0</arg>
  <arg>0x7fde7b0b9000</arg>
  <arg>0x7fde7b0db477</arg>
  <arg>yes</arg>
  <severity>INFO</severity>
  <timestamp>Fri Nov 18 16:25:47 2022</timestamp>
</msg>
<msg id="18" tool="trc">
  <type>UNLOAD_MODULE</type>
  <arg>/home/enrique/Desktop/lab3-bc-enriquealbalateprieto/src/ejecutable.exe</arg>
  <severity>INFO</severity>
  <timestamp>Fri Nov 18 16:26:55 2022</timestamp>
</msg>
<msg id="19" tool="trc">
  <type>UNLOAD_MODULE</type>
  <arg>/lib64/ld-linux-x86-64.so.2</arg>
  <severity>INFO</severity>
  <timestamp>Fri Nov 18 16:26:55 2022</timestamp>
</msg>
<msg id="20" tool="trc">
  <type>UNLOAD_MODULE</type>
  <arg>[vdso]</arg>
  <severity>INFO</severity>
  <timestamp>Fri Nov 18 16:26:55 2022</timestamp>
</msg>
<msg id="21" tool="trc">
  <type>UNLOAD_MODULE</type>
  <arg>/lib/x86_64-linux-gnu/libstdc++.so.6</arg>
  <severity>INFO</severity>
  <timestamp>Fri Nov 18 16:26:55 2022</timestamp>
</msg>
<msg id="22" tool="trc">
  <type>UNLOAD_MODULE</type>
  <arg>/lib/x86_64-linux-gnu/libm.so.6</arg>
  <severity>INFO</severity>
  <timestamp>Fri Nov 18 16:26:55 2022</timestamp>
</msg>
<msg id="23" tool="trc">
  <type>UNLOAD_MODULE</type>
  <arg>/lib/x86_64-linux-gnu/libgomp.so.1</arg>
  <severity>INFO</severity>
  <timestamp>Fri Nov 18 16:26:55 2022</timestamp>
</msg>
<msg id="24" tool="trc">
  <type>UNLOAD_MODULE</type>
  <arg>/lib/x86_64-linux-gnu/libc.so.6</arg>
  <severity>INFO</severity>
  <timestamp>Fri Nov 18 16:26:55 2022</timestamp>
</msg>
<msg id="25" tool="trc">
  <type>UNLOAD_MODULE</type>
  <arg>/lib/x86_64-linux-gnu/libgcc_s.so.1</arg>
  <severity>INFO</severity>
  <timestamp>Fri Nov 18 16:26:55 2022</timestamp>
</msg>
<msg id="26" tool="trc">
  <type>UNLOAD_MODULE</type>
  <arg>/lib/x86_64-linux-gnu/libdl.so.2</arg>
  <severity>INFO</severity>
  <timestamp>Fri Nov 18 16:26:55 2022</timestamp>
</msg>
<msg id="27" tool="trc">
  <type>UNLOAD_MODULE</type>
  <arg>/lib/x86_64-linux-gnu/libpthread.so.0</arg>
  <severity>INFO</severity>
  <timestamp>Fri Nov 18 16:26:55 2022</timestamp>
</msg>
<msg id="28" tool="trc">
  <type>PROCESS_FINISH</type>
  <arg>/home/enrique/Desktop/lab3-bc-enriquealbalateprieto/src/ejecutable.exe</arg>
  <arg>7128</arg>
  <arg>0x0</arg>
  <severity>INFO</severity>
  <timestamp>Fri Nov 18 16:26:55 2022</timestamp>
</msg>
<msg id="29" tool="runtool">
  <type>app-exit-code</type>
  <arg>0</arg>
</msg>
<msg id="30" tool="runtool">
  <type>marker-file</type>
  <arg>/home/enrique/intel/advixe/projects/lab3Tarea1/e000/trc000/trc000.advixe</arg>
</msg>
<msg id="31" tool="runtool">
  <type>collector-done</type>
</msg>
<msg id="32" tool="runtool">
  <type>log-end</type>
  <arg>2022/11/18 16:26:59</arg>
</msg>

</log>

