<?xml version="1.0" encoding="utf-8"?>
<log version="1.0" tool="runtool">

<msg id="1" tool="runtool">
  <type>log-start</type>
  <arg>2022/11/18 16:09:07</arg>
</msg>
<msg id="2" tool="runtool">
  <type>collector-starts</type>
</msg>
<msg id="3" tool="runtool">
  <type>marker-file</type>
  <arg>/home/enrique/intel/advixe/projects/lab3Tarea1/e000/mp001/mp001.advixe</arg>
</msg>
<msg id="4" tool="tc">
  <type>START</type>
  <severity>INFO</severity>
  <timestamp>Fri Nov 18 16:09:07 2022</timestamp>
</msg>
<msg id="5" tool="tc">
  <type>EXEC_OF_INTEREST</type>
  <arg>/home/enrique/Desktop/lab3-bc-enriquealbalateprieto/src/ejecutable.exe</arg>
  <arg>6610</arg>
  <severity>INFO</severity>
  <timestamp>Fri Nov 18 16:09:07 2022</timestamp>
</msg>
<msg id="6" tool="tc">
  <type>LOAD_MODULE</type>
  <arg>/home/enrique/Desktop/lab3-bc-enriquealbalateprieto/src/ejecutable.exe</arg>
  <arg>0x55750c664000</arg>
  <arg>0x55750c668017</arg>
  <arg>1</arg>
  <severity>INFO</severity>
  <timestamp>Fri Nov 18 16:09:07 2022</timestamp>
</msg>
<msg id="7" tool="tc">
  <type>LOAD_MODULE</type>
  <arg>/lib64/ld-linux-x86-64.so.2</arg>
  <arg>0x7eff9604d000</arg>
  <arg>0x7eff9607c18f</arg>
  <arg>2</arg>
  <severity>INFO</severity>
  <timestamp>Fri Nov 18 16:09:07 2022</timestamp>
</msg>
<msg id="8" tool="tc">
  <type>LOAD_MODULE</type>
  <arg>[vdso]</arg>
  <arg>0x7ffce4ba2000</arg>
  <arg>0x7ffce4ba30eb</arg>
  <arg>3</arg>
  <severity>INFO</severity>
  <timestamp>Fri Nov 18 16:09:07 2022</timestamp>
</msg>
<msg id="9" tool="tc">
  <type>LOAD_MODULE</type>
  <arg>/lib/x86_64-linux-gnu/libstdc++.so.6</arg>
  <arg>0x7eff7f558000</arg>
  <arg>0x7eff7f7397ff</arg>
  <arg>4</arg>
  <severity>INFO</severity>
  <timestamp>Fri Nov 18 16:09:07 2022</timestamp>
</msg>
<msg id="10" tool="tc">
  <type>LOAD_MODULE</type>
  <arg>/lib/x86_64-linux-gnu/libm.so.6</arg>
  <arg>0x7eff7f31b000</arg>
  <arg>0x7eff7f46910f</arg>
  <arg>5</arg>
  <severity>INFO</severity>
  <timestamp>Fri Nov 18 16:09:07 2022</timestamp>
</msg>
<msg id="11" tool="tc">
  <type>LOAD_MODULE</type>
  <arg>/lib/x86_64-linux-gnu/libgomp.so.1</arg>
  <arg>0x7eff7f2d9000</arg>
  <arg>0x7eff7f31a92f</arg>
  <arg>6</arg>
  <severity>INFO</severity>
  <timestamp>Fri Nov 18 16:09:07 2022</timestamp>
</msg>
<msg id="12" tool="tc">
  <type>UNSUPPORTED_MODULE</type>
  <arg>GNU OpenMP Runtime module</arg>
  <severity>WARNING</severity>
  <timestamp>Fri Nov 18 16:09:07 2022</timestamp>
</msg>
<msg id="13" tool="tc">
  <type>LOAD_MODULE</type>
  <arg>/lib/x86_64-linux-gnu/libc.so.6</arg>
  <arg>0x7eff7f0c6000</arg>
  <arg>0x7eff7f2b74d7</arg>
  <arg>7</arg>
  <severity>INFO</severity>
  <timestamp>Fri Nov 18 16:09:07 2022</timestamp>
</msg>
<msg id="14" tool="tc">
  <type>LOAD_MODULE</type>
  <arg>/lib/x86_64-linux-gnu/libgcc_s.so.1</arg>
  <arg>0x7eff7f099000</arg>
  <arg>0x7eff7f0b3447</arg>
  <arg>8</arg>
  <severity>INFO</severity>
  <timestamp>Fri Nov 18 16:09:07 2022</timestamp>
</msg>
<msg id="15" tool="tc">
  <type>LOAD_MODULE</type>
  <arg>/lib/x86_64-linux-gnu/libdl.so.2</arg>
  <arg>0x7eff7f0be000</arg>
  <arg>0x7eff7f0c310f</arg>
  <arg>9</arg>
  <severity>INFO</severity>
  <timestamp>Fri Nov 18 16:09:07 2022</timestamp>
</msg>
<msg id="16" tool="tc">
  <type>LOAD_MODULE</type>
  <arg>/lib/x86_64-linux-gnu/libpthread.so.0</arg>
  <arg>0x7eff7f06f000</arg>
  <arg>0x7eff7f091477</arg>
  <arg>10</arg>
  <severity>INFO</severity>
  <timestamp>Fri Nov 18 16:09:07 2022</timestamp>
</msg>
<msg id="17" tool="tc">
  <type>UNLOAD_MODULE</type>
  <arg>/home/enrique/Desktop/lab3-bc-enriquealbalateprieto/src/ejecutable.exe</arg>
  <arg>1</arg>
  <severity>INFO</severity>
  <timestamp>Fri Nov 18 16:09:37 2022</timestamp>
</msg>
<msg id="18" tool="tc">
  <type>UNLOAD_MODULE</type>
  <arg>/lib64/ld-linux-x86-64.so.2</arg>
  <arg>2</arg>
  <severity>INFO</severity>
  <timestamp>Fri Nov 18 16:09:37 2022</timestamp>
</msg>
<msg id="19" tool="tc">
  <type>UNLOAD_MODULE</type>
  <arg>[vdso]</arg>
  <arg>3</arg>
  <severity>INFO</severity>
  <timestamp>Fri Nov 18 16:09:37 2022</timestamp>
</msg>
<msg id="20" tool="tc">
  <type>UNLOAD_MODULE</type>
  <arg>/lib/x86_64-linux-gnu/libstdc++.so.6</arg>
  <arg>4</arg>
  <severity>INFO</severity>
  <timestamp>Fri Nov 18 16:09:37 2022</timestamp>
</msg>
<msg id="21" tool="tc">
  <type>UNLOAD_MODULE</type>
  <arg>/lib/x86_64-linux-gnu/libm.so.6</arg>
  <arg>5</arg>
  <severity>INFO</severity>
  <timestamp>Fri Nov 18 16:09:37 2022</timestamp>
</msg>
<msg id="22" tool="tc">
  <type>UNLOAD_MODULE</type>
  <arg>/lib/x86_64-linux-gnu/libgomp.so.1</arg>
  <arg>6</arg>
  <severity>INFO</severity>
  <timestamp>Fri Nov 18 16:09:37 2022</timestamp>
</msg>
<msg id="23" tool="tc">
  <type>UNLOAD_MODULE</type>
  <arg>/lib/x86_64-linux-gnu/libc.so.6</arg>
  <arg>7</arg>
  <severity>INFO</severity>
  <timestamp>Fri Nov 18 16:09:37 2022</timestamp>
</msg>
<msg id="24" tool="tc">
  <type>UNLOAD_MODULE</type>
  <arg>/lib/x86_64-linux-gnu/libgcc_s.so.1</arg>
  <arg>8</arg>
  <severity>INFO</severity>
  <timestamp>Fri Nov 18 16:09:37 2022</timestamp>
</msg>
<msg id="25" tool="tc">
  <type>UNLOAD_MODULE</type>
  <arg>/lib/x86_64-linux-gnu/libdl.so.2</arg>
  <arg>9</arg>
  <severity>INFO</severity>
  <timestamp>Fri Nov 18 16:09:37 2022</timestamp>
</msg>
<msg id="26" tool="tc">
  <type>UNLOAD_MODULE</type>
  <arg>/lib/x86_64-linux-gnu/libpthread.so.0</arg>
  <arg>10</arg>
  <severity>INFO</severity>
  <timestamp>Fri Nov 18 16:09:37 2022</timestamp>
</msg>
<msg id="27" tool="tc">
  <type>PROCESS_TERMINATE</type>
  <arg>/home/enrique/Desktop/lab3-bc-enriquealbalateprieto/src/ejecutable.exe</arg>
  <arg>6610</arg>
  <severity>INFO</severity>
  <timestamp>Fri Nov 18 16:09:37 2022</timestamp>
</msg>
<msg id="28" tool="tc">
  <type>NO_ANNOTATIONS</type>
  <severity>WARNING</severity>
  <timestamp>Fri Nov 18 16:09:37 2022</timestamp>
</msg>
<msg id="29" tool="tc">
  <type>ANALYSIS_COMPLETE</type>
  <severity>INFO</severity>
  <timestamp>Fri Nov 18 16:09:37 2022</timestamp>
</msg>
<msg id="30" tool="tc">
  <type>STOP</type>
  <severity>INFO</severity>
  <timestamp>Fri Nov 18 16:09:37 2022</timestamp>
</msg>
<msg id="31" tool="runtool">
  <type>app-exit-code</type>
  <arg>0</arg>
</msg>
<msg id="32" tool="runtool">
  <type>marker-file</type>
  <arg>/home/enrique/intel/advixe/projects/lab3Tarea1/e000/mp001/mp001.advixe</arg>
</msg>
<msg id="33" tool="runtool">
  <type>collector-done</type>
</msg>
<msg id="34" tool="runtool">
  <type>log-end</type>
  <arg>2022/11/18 16:09:41</arg>
</msg>

</log>

